
Reading tables from disk...
Table 'FACULTY': schema compliance met.
Table 'FACULTY': primary key uniqueness constraint met.
Table 'CLASS': schema compliance met.
Table 'CLASS': primary key uniqueness constraint met.
Table 'GRADE': schema compliance met.
Table 'GRADE': primary key uniqueness constraint met.
Table 'STUDENT': schema compliance met.
Table 'STUDENT': primary key uniqueness constraint met.
Table 'DEPARTMENT': schema compliance met.
Table 'DEPARTMENT': primary key uniqueness constraint met.
Table 'ENROLLED': schema compliance met.
Table 'ENROLLED': primary key uniqueness constraint met.
Table 'FACULTY': referential integrity constraint met.
Table 'CLASS': referential integrity constraint met.
Table 'STUDENT': referential integrity constraint met.
Table 'GRADE': referential integrity constraint met.
Table 'DEPARTMENT': referential integrity constraint met.
Table 'ENROLLED': referential integrity constraint met.
Successfully read tables from disk.

Reading users from disk...
User 'user2' found.
User 'user1' found.
Successfully read users from disk.

SQL> 
FACULTY
CLASS
STUDENT
GRADE
DEPARTMENT
ENROLLED

SQL> 
SNAME -- char(30)
SLEVEL -- char(10) -- SLEVEL='JR' OR SLEVEL='SR' OR SLEVEL='SO' OR SLEVEL='FR'

SQL> 
DNAME -- char(30)
LOCATION -- char(30)

SQL> 
FID -- int -- primary key -- FID!=0
FNAME -- char(30)
DEPT -- int -- foreign key references DEPARTMENT(*****)

SQL> 
Database error:
Do not have sufficient user privilege.

SQL> 
Database error:
Do not have sufficient user privilege.

SQL> 
   STU_NUM CLASSNAME                      GRADE
-----------------------------------------------
     14181 ENG400                         A    
     80161 ENG400                         B    

2 rows selected.

SQL> 
SNAME                          SLEVEL    
-----------------------------------------
Jack                           SO        
Smith                          FR        
Banks                          SR        
M.Lee                          SO        
Bale                           JR        
Lim                            SR        
Sharon                         FR        
Johnson                        JR        
E.Cho                          JR        
Angin                          SR        

10 rows selected.

SQL> 
Database error:
Attribute 'SNUM' not found in any of the specified tables.

SQL> 
Database error:
Attribute 'DEPTID' not found in any of the specified tables.

SQL> 
Write tables to disk succeeded.

Write users to disk succeeded.
